<?xml version="1.0" encoding="UTF-8"?>
<!-- Generated by org.testng.reporters.JUnitReportReporter -->
<testsuite hostname="MWDH-Work2" failures="0" tests="1" name="ass1ApplyingFollowingMxesMethod.ChromWebDriver" time="42.286" errors="0" timestamp="2022-07-30T22:35:12 AST" skipped="0">
  <testcase classname="ass1ApplyingFollowingMxesMethod.ChromWebDriver" name="LearnEnglishWebSite" time="42.286"/>
  <system-out/>
</testsuite> <!-- ass1ApplyingFollowingMxesMethod.ChromWebDriver -->
